06/May/2019:18:29:43 +0000 [ERROR 502 /ttd] dial tcp 167.99.192.124:3000: connect: connection refused
26/Jun/2019:23:17:04 +0000 [ERROR 403 /images/headshot.jpg] open /var/www/images/headshot.jpg: permission denied
26/Jun/2019:23:17:04 +0000 [ERROR 403 /images/headshot.jpg] open /var/www/images/headshot.jpg: permission denied
03/Nov/2019:19:06:11 +0000 [ERROR 0 /php/hits.php] PHP message: PHP Fatal error:  Uncaught Error: Call to undefined function pg_connect() in /var/www/php/hits.php:16
Stack trace:
#0 {main}
  thrown in /var/www/php/hits.php on line 16
03/Nov/2019:19:06:32 +0000 [ERROR 0 /php/hits.php] PHP message: PHP Fatal error:  Uncaught Error: Call to undefined function pg_connect() in /var/www/php/hits.php:16
Stack trace:
#0 {main}
  thrown in /var/www/php/hits.php on line 16
03/Nov/2019:19:11:30 +0000 [ERROR 0 /php/hits.php] PHP message: PHP Fatal error:  Uncaught Error: Call to undefined function pg_connect() in /var/www/php/hits.php:16
Stack trace:
#0 {main}
  thrown in /var/www/php/hits.php on line 16
03/Nov/2019:19:16:16 +0000 [ERROR 0 /php/hits.php] PHP message: PHP Notice:  Array to string conversion in /var/www/php/hits.php on line 24
03/Nov/2019:19:16:30 +0000 [ERROR 0 /php/hits.php] PHP message: PHP Notice:  Undefined offset: 0 in /var/www/php/hits.php on line 24
19/Nov/2019:21:48:23 +0000 [ERROR 0 /phpMyAdmin/scripts/setup.php] Primary script unknown
19/Nov/2019:21:48:24 +0000 [ERROR 0 /phpmyadmin/scripts/setup.php] Primary script unknown
20/Nov/2019:02:43:00 +0000 [ERROR 0 /phpMyAdmin/scripts/setup.php] Primary script unknown
20/Nov/2019:02:43:01 +0000 [ERROR 0 /phpmyadmin/scripts/setup.php] Primary script unknown
20/Nov/2019:13:29:51 +0000 [ERROR 0 /phpMyAdmin/scripts/setup.php] Primary script unknown
20/Nov/2019:13:29:51 +0000 [ERROR 0 /phpmyadmin/scripts/setup.php] Primary script unknown
